[0812/175657.892:INFO:CONSOLE(114)] "Event handler of 'x-storagemutated-1' event must be added on the initial evaluation of worker script.", source: https://static.whatsapp.net/rsrc.php/v4/y9/r/Xd0b5tmL3km.js (114)
[0812/175657.997:INFO:CONSOLE(0)] "Error with Permissions-Policy header: Feature xr-spatial-tracking's parameters are ignored.", source:  (0)
[0812/175657.997:INFO:CONSOLE(0)] "Error with Permissions-Policy header: Origin trial controlled feature not enabled: 'attribution-reporting'.", source:  (0)
[0812/175657.997:INFO:CONSOLE(0)] "Error with Permissions-Policy header: Unrecognized feature: 'compute-pressure'.", source:  (0)
[0812/175657.997:INFO:CONSOLE(0)] "Error with Permissions-Policy header: Origin trial controlled feature not enabled: 'interest-cohort'.", source:  (0)
[0812/175657.997:INFO:CONSOLE(0)] "Error with Permissions-Policy header: Unrecognized feature: 'private-state-token-issuance'.", source:  (0)
[0812/175657.997:INFO:CONSOLE(0)] "Error with Permissions-Policy header: Origin trial controlled feature not enabled: 'shared-storage'.", source:  (0)
[0812/175657.998:INFO:CONSOLE(0)] "Error with Permissions-Policy header: Unrecognized feature: 'shared-storage-select-url'.", source:  (0)
[0812/175657.998:INFO:CONSOLE(0)] "Error with Permissions-Policy header: Unrecognized feature: 'private-state-token-redemption'.", source:  (0)
[0812/175657.998:INFO:CONSOLE(0)] "Error with Permissions-Policy header: Unrecognized feature: 'unload'.", source:  (0)
[0812/175657.998:INFO:CONSOLE(0)] "Error with Permissions-Policy header: Unrecognized feature: 'window-management'.", source:  (0)
[0812/175657.998:INFO:CONSOLE(0)] "Document-Policy HTTP header: Unrecognized document policy feature name include-js-call-stacks-in-crash-reports.", source: https://web.whatsapp.com/ (0)
[0812/175703.326:INFO:CONSOLE(92)] "[Report Only] Refused to compile or instantiate WebAssembly module because 'unsafe-eval' is not an allowed source of script in the following Content Security Policy directive: "script-src blob: 'self' 'nonce-BMu7q8vu' 'report-sample' https://static.whatsapp.net https://*.youtube.com https://maps.googleapis.com https://maps.gstatic.com https://lens.google.com/upload".
", source: https://static.whatsapp.net/rsrc.php/v4/yj/r/_AG7GkfDknA.js (92)
[0812/180202.681:INFO:CONSOLE(898)] "Failed to parse video contentType: video/mp4; codecs=avc1.42000a", source: https://static.whatsapp.net/rsrc.php/v4iHzy4/yG/l/es_LA-j/X1sO04vnhfc.js (898)
[0812/180202.681:INFO:CONSOLE(898)] "Failed to parse video contentType: video/mp4; codecs=hev1.1.6.L93.B0", source: https://static.whatsapp.net/rsrc.php/v4iHzy4/yG/l/es_LA-j/X1sO04vnhfc.js (898)
[0812/180203.399:INFO:CONSOLE(114)] "Event handler of 'x-storagemutated-1' event must be added on the initial evaluation of worker script.", source: https://static.whatsapp.net/rsrc.php/v4/y9/r/Xd0b5tmL3km.js (114)
[0812/181104.200:INFO:CONSOLE(114)] "Event handler of 'x-storagemutated-1' event must be added on the initial evaluation of worker script.", source: https://static.whatsapp.net/rsrc.php/v4/y9/r/Xd0b5tmL3km.js (114)
[0812/181138.969:INFO:CONSOLE(114)] "Event handler of 'x-storagemutated-1' event must be added on the initial evaluation of worker script.", source: https://static.whatsapp.net/rsrc.php/v4/y9/r/Xd0b5tmL3km.js (114)
[0812/190115.887:INFO:CONSOLE(114)] "Event handler of 'x-storagemutated-1' event must be added on the initial evaluation of worker script.", source: https://static.whatsapp.net/rsrc.php/v4/y9/r/Xd0b5tmL3km.js (114)
